getting coordinates for frame 0 rmf file kmeans_weight_500_2/cluster.1/64.rmf3
getting coordinates for frame 0 rmf file kmeans_weight_500_2/cluster.1/64.rmf3
getting coordinates for frame 0 rmf file kmeans_weight_500_2/cluster.1/64.rmf3
getting coordinates for frame 0 rmf file kmeans_weight_500_2/cluster.1/57.rmf3
getting coordinates for frame 0 rmf file kmeans_weight_500_2/cluster.1/57.rmf3
getting coordinates for frame 0 rmf file kmeans_weight_500_2/cluster.1/95.rmf3
getting coordinates for frame 0 rmf file kmeans_weight_500_2/cluster.1/95.rmf3
getting coordinates for frame 0 rmf file kmeans_weight_500_2/cluster.1/126.rmf3
getting coordinates for frame 0 rmf file kmeans_weight_500_2/cluster.1/126.rmf3
getting coordinates for frame 0 rmf file kmeans_weight_500_2/cluster.1/112.rmf3
getting coordinates for frame 0 rmf file kmeans_weight_500_2/cluster.1/112.rmf3
getting coordinates for frame 0 rmf file kmeans_weight_500_2/cluster.1/53.rmf3
getting coordinates for frame 0 rmf file kmeans_weight_500_2/cluster.1/53.rmf3
getting coordinates for frame 0 rmf file kmeans_weight_500_2/cluster.1/25.rmf3
getting coordinates for frame 0 rmf file kmeans_weight_500_2/cluster.1/25.rmf3
getting coordinates for frame 0 rmf file kmeans_weight_500_2/cluster.1/33.rmf3
getting coordinates for frame 0 rmf file kmeans_weight_500_2/cluster.1/33.rmf3
getting coordinates for frame 0 rmf file kmeans_weight_500_2/cluster.1/96.rmf3
getting coordinates for frame 0 rmf file kmeans_weight_500_2/cluster.1/96.rmf3
getting coordinates for frame 0 rmf file kmeans_weight_500_2/cluster.1/83.rmf3
getting coordinates for frame 0 rmf file kmeans_weight_500_2/cluster.1/83.rmf3
getting coordinates for frame 0 rmf file kmeans_weight_500_2/cluster.1/37.rmf3
getting coordinates for frame 0 rmf file kmeans_weight_500_2/cluster.1/37.rmf3
getting coordinates for frame 0 rmf file kmeans_weight_500_2/cluster.1/22.rmf3
getting coordinates for frame 0 rmf file kmeans_weight_500_2/cluster.1/22.rmf3
getting coordinates for frame 0 rmf file kmeans_weight_500_2/cluster.1/78.rmf3
getting coordinates for frame 0 rmf file kmeans_weight_500_2/cluster.1/78.rmf3
getting coordinates for frame 0 rmf file kmeans_weight_500_2/cluster.1/124.rmf3
getting coordinates for frame 0 rmf file kmeans_weight_500_2/cluster.1/124.rmf3
getting coordinates for frame 0 rmf file kmeans_weight_500_2/cluster.0/64.rmf3
getting coordinates for frame 0 rmf file kmeans_weight_500_2/cluster.0/64.rmf3
getting coordinates for frame 0 rmf file kmeans_weight_500_2/cluster.0/26.rmf3
getting coordinates for frame 0 rmf file kmeans_weight_500_2/cluster.0/26.rmf3
getting coordinates for frame 0 rmf file kmeans_weight_500_2/cluster.0/62.rmf3
getting coordinates for frame 0 rmf file kmeans_weight_500_2/cluster.0/62.rmf3
getting coordinates for frame 0 rmf file kmeans_weight_500_2/cluster.0/13.rmf3
getting coordinates for frame 0 rmf file kmeans_weight_500_2/cluster.0/13.rmf3
getting coordinates for frame 0 rmf file kmeans_weight_500_2/cluster.0/11.rmf3
getting coordinates for frame 0 rmf file kmeans_weight_500_2/cluster.0/11.rmf3
getting coordinates for frame 0 rmf file kmeans_weight_500_2/cluster.0/7.rmf3
getting coordinates for frame 0 rmf file kmeans_weight_500_2/cluster.0/7.rmf3
getting coordinates for frame 0 rmf file kmeans_weight_500_2/cluster.0/22.rmf3
getting coordinates for frame 0 rmf file kmeans_weight_500_2/cluster.0/22.rmf3
0 0 196 196 0
0 0 196 196 1
0 1 196 196 2
0 1 196 196 3
0 2 196 196 4
0 2 196 196 5
0 3 196 196 6
0 3 196 196 7
0 4 196 196 8
0 4 196 196 9
0 5 196 196 10
0 5 196 196 11
0 6 196 196 12
0 6 196 196 13
0 7 196 196 14
0 7 196 196 15
0 8 196 196 16
0 8 196 196 17
0 9 196 196 18
0 9 196 196 19
0 10 196 196 20
0 10 196 196 21
0 11 196 196 22
0 11 196 196 23
0 12 196 196 24
0 12 196 196 25
0 13 196 196 26
0 13 196 196 27
0 14 196 196 28
0 14 196 196 29
0 15 196 196 30
0 15 196 196 31
0 16 196 196 32
0 16 196 196 33
0 17 196 196 34
0 17 196 196 35
0 18 196 196 36
0 18 196 196 37
0 19 196 196 38
0 19 196 196 39
0 20 196 196 40
0 20 196 196 41
0 21 196 196 42
0 21 196 196 43
0 22 196 196 44
0 22 196 196 45
0 23 196 196 46
0 23 196 196 47
0 24 196 196 48
0 25 196 196 49
0 25 196 196 50
0 26 196 196 51
0 26 196 196 52
0 27 196 196 53
0 27 196 196 54
0 28 196 196 55
0 28 196 196 56
0 29 196 196 57
0 29 196 196 58
0 30 196 196 59
0 30 196 196 60
0 31 196 196 61
0 31 196 196 62
0 32 196 196 63
0 32 196 196 64
0 33 196 196 65
0 33 196 196 66
0 34 196 196 67
0 34 196 196 68
0 35 196 196 69
0 35 196 196 70
0 36 196 196 71
0 36 196 196 72
0 37 196 196 73
0 37 196 196 74
0 38 196 196 75
0 38 196 196 76
0 39 196 196 77
0 39 196 196 78
0 40 196 196 79
0 40 196 196 80
0 41 196 196 81
0 41 196 196 82
0 42 196 196 83
0 42 196 196 84
0 43 196 196 85
0 43 196 196 86
0 44 196 196 87
0 44 196 196 88
0 45 196 196 89
0 45 196 196 90
0 46 196 196 91
0 46 196 196 92
0 47 196 196 93
0 47 196 196 94
0 48 196 196 95
0 48 196 196 96
0 49 196 196 97
0 50 196 196 98
0 50 196 196 99
0 51 196 196 100
0 51 196 196 101
0 52 196 196 102
0 52 196 196 103
0 53 196 196 104
0 53 196 196 105
0 54 196 196 106
0 54 196 196 107
0 55 196 196 108
0 55 196 196 109
0 56 196 196 110
0 56 196 196 111
0 57 196 196 112
0 57 196 196 113
0 58 196 196 114
0 58 196 196 115
0 59 196 196 116
0 59 196 196 117
0 60 196 196 118
0 60 196 196 119
0 61 196 196 120
0 61 196 196 121
0 62 196 196 122
0 62 196 196 123
0 63 196 196 124
0 63 196 196 125
0 64 196 196 126
0 64 196 196 127
0 65 196 196 128
0 65 196 196 129
0 66 196 196 130
0 66 196 196 131
0 67 196 196 132
0 67 196 196 133
0 68 196 196 134
0 68 196 196 135
0 69 196 196 136
0 69 196 196 137
0 70 196 196 138
0 70 196 196 139
0 71 196 196 140
0 71 196 196 141
0 72 196 196 142
0 72 196 196 143
0 73 196 196 144
0 73 196 196 145
0 74 196 196 146
0 75 196 196 147
0 75 196 196 148
0 76 196 196 149
0 76 196 196 150
0 77 196 196 151
0 77 196 196 152
0 78 196 196 153
0 78 196 196 154
0 79 196 196 155
0 79 196 196 156
0 80 196 196 157
0 80 196 196 158
0 81 196 196 159
0 81 196 196 160
0 82 196 196 161
0 82 196 196 162
0 83 196 196 163
0 83 196 196 164
0 84 196 196 165
0 84 196 196 166
0 85 196 196 167
0 85 196 196 168
0 86 196 196 169
0 86 196 196 170
0 87 196 196 171
0 87 196 196 172
0 88 196 196 173
0 88 196 196 174
0 89 196 196 175
0 89 196 196 176
0 90 196 196 177
0 90 196 196 178
0 91 196 196 179
0 91 196 196 180
0 92 196 196 181
0 92 196 196 182
0 93 196 196 183
0 93 196 196 184
0 94 196 196 185
0 94 196 196 186
0 95 196 196 187
0 95 196 196 188
0 96 196 196 189
0 96 196 196 190
0 97 196 196 191
0 97 196 196 192
0 98 196 196 193
0 98 196 196 194
0 99 196 196 195
Traceback (most recent call last):
  File "precision_rmsf.py", line 87, in <module>
    pr.get_rmsf(clusterdirectories[n],clusterdirectories[n]+"/",is_mpi=is_mpi,skip=1)
  File "/veena1/home/pellarin/imp-projects/imp-020914/imp-fast-openmpi/lib/IMP/pmi/analysis.py", line 2305, in get_rmsf
    set_plot_yaxis_range=None)
  File "/veena1/home/pellarin/imp-projects/imp-020914/imp-fast-openmpi/lib/IMP/pmi/output.py", line 855, in plot_xy_data
    fig, ax  = plt.subplots(nrows=1)
  File "/usr/lib64/python2.7/site-packages/matplotlib/pyplot.py", line 1046, in subplots
    fig = figure(**fig_kw)
  File "/usr/lib64/python2.7/site-packages/matplotlib/pyplot.py", line 423, in figure
    **kwargs)
  File "/usr/lib64/python2.7/site-packages/matplotlib/backends/backend_tkagg.py", line 79, in new_figure_manager
    return new_figure_manager_given_figure(num, figure)
  File "/usr/lib64/python2.7/site-packages/matplotlib/backends/backend_tkagg.py", line 87, in new_figure_manager_given_figure
    window = Tk.Tk()
  File "/usr/lib64/python2.7/lib-tk/Tkinter.py", line 1745, in __init__
    self.tk = _tkinter.create(screenName, baseName, className, interactive, wantobjects, useTk, sync, use)
_tkinter.TclError: couldn't connect to display "localhost:10.0"
