getting data from file ../modeling-scripts_Ski7.1//./output/stat.51.out
getting data from file ../modeling-scripts_Ski7.1//./output/stat.43.out
getting data from file ../modeling-scripts_Ski7.1//./output/stat.10.out
getting data from file ../modeling-scripts_Ski7.2//./output/stat.51.out
getting data from file ../modeling-scripts_Ski7.2//./output/stat.0.out
getting data from file ../modeling-scripts_Ski7.1//./output/stat.0.out
getting data from file ../modeling-scripts_Ski7.2//./output/stat.43.out
getting data from file ../modeling-scripts_Ski7.2//./output/stat.10.out
getting data from file ../modeling-scripts_Ski7.2//./output/stat.42.out
getting data from file ../modeling-scripts_Ski7.2//./output/stat.49.out
getting data from file ../modeling-scripts_Ski7.2//./output/stat.29.out
getting data from file ../modeling-scripts_Ski7.2//./output/stat.8.out
getting data from file ../modeling-scripts_Ski7.1//./output/stat.49.out
getting data from file ../modeling-scripts_Ski7.1//./output/stat.42.out
getting data from file ../modeling-scripts_Ski7.2//./output/stat.60.out
getting data from file ../modeling-scripts_Ski7.1//./output/stat.2.out
getting data from file ../modeling-scripts_Ski7.1//./output/stat.52.out
getting data from file ../modeling-scripts_Ski7.1//./output/stat.29.out
getting data from file ../modeling-scripts_Ski7.1//./output/stat.22.out
getting data from file ../modeling-scripts_Ski7.2//./output/stat.39.out
getting data from file ../modeling-scripts_Ski7.2//./output/stat.14.out
getting data from file ../modeling-scripts_Ski7.1//./output/stat.17.out
getting data from file ../modeling-scripts_Ski7.1//./output/stat.8.out
getting data from file ../modeling-scripts_Ski7.1//./output/stat.60.out
getting data from file ../modeling-scripts_Ski7.1//./output/stat.9.out
getting data from file ../modeling-scripts_Ski7.1//./output/stat.14.out
getting data from file ../modeling-scripts_Ski7.1//./output/stat.46.out
getting data from file ../modeling-scripts_Ski7.2//./output/stat.2.out
getting data from file ../modeling-scripts_Ski7.2//./output/stat.46.out
getting data from file ../modeling-scripts_Ski7.2//./output/stat.40.out
getting data from file ../modeling-scripts_Ski7.1//./output/stat.32.out
getting data from file ../modeling-scripts_Ski7.2//./output/stat.23.out
getting data from file ../modeling-scripts_Ski7.1//./output/stat.23.out
getting data from file ../modeling-scripts_Ski7.1//./output/stat.56.out
getting data from file ../modeling-scripts_Ski7.1//./output/stat.61.out
getting data from file ../modeling-scripts_Ski7.2//./output/stat.63.out
getting data from file ../modeling-scripts_Ski7.1//./output/stat.39.out
getting data from file ../modeling-scripts_Ski7.1//./output/stat.25.out
getting data from file ../modeling-scripts_Ski7.1//./output/stat.55.out
getting data from file ../modeling-scripts_Ski7.1//./output/stat.33.out
getting data from file ../modeling-scripts_Ski7.1//./output/stat.59.out
getting data from file ../modeling-scripts_Ski7.1//./output/stat.1.out
getting data from file ../modeling-scripts_Ski7.1//./output/stat.11.out
getting data from file ../modeling-scripts_Ski7.1//./output/stat.44.out
getting data from file ../modeling-scripts_Ski7.2//./output/stat.61.out
getting data from file ../modeling-scripts_Ski7.2//./output/stat.32.out
getting data from file ../modeling-scripts_Ski7.2//./output/stat.41.out
getting data from file ../modeling-scripts_Ski7.1//./output/stat.7.out
getting data from file ../modeling-scripts_Ski7.2//./output/stat.3.out
getting data from file ../modeling-scripts_Ski7.1//./output/stat.58.out
getting data from file ../modeling-scripts_Ski7.1//./output/stat.19.out
getting data from file ../modeling-scripts_Ski7.2//./output/stat.52.out
getting data from file ../modeling-scripts_Ski7.2//./output/stat.22.out
getting data from file ../modeling-scripts_Ski7.1//./output/stat.53.out
getting data from file ../modeling-scripts_Ski7.2//./output/stat.17.out
getting data from file ../modeling-scripts_Ski7.1//./output/stat.36.out
getting data from file ../modeling-scripts_Ski7.1//./output/stat.16.out
getting data from file ../modeling-scripts_Ski7.1//./output/stat.24.out
getting data from file ../modeling-scripts_Ski7.1//./output/stat.40.out
getting data from file ../modeling-scripts_Ski7.1//./output/stat.4.out
getting data from file ../modeling-scripts_Ski7.1//./output/stat.12.out
getting data from file ../modeling-scripts_Ski7.2//./output/stat.56.out
getting data from file ../modeling-scripts_Ski7.2//./output/stat.33.out
getting data from file ../modeling-scripts_Ski7.1//./output/stat.47.out
getting data from file ../modeling-scripts_Ski7.1//./output/stat.28.out
getting data from file ../modeling-scripts_Ski7.1//./output/stat.45.out
getting data from file ../modeling-scripts_Ski7.1//./output/stat.57.out
getting data from file ../modeling-scripts_Ski7.1//./output/stat.26.out
getting data from file ../modeling-scripts_Ski7.2//./output/stat.9.out
getting data from file ../modeling-scripts_Ski7.1//./output/stat.37.out
getting data from file ../modeling-scripts_Ski7.2//./output/stat.48.out
getting data from file ../modeling-scripts_Ski7.1//./output/stat.13.out
getting data from file ../modeling-scripts_Ski7.1//./output/stat.31.out
getting data from file ../modeling-scripts_Ski7.1//./output/stat.18.out
getting data from file ../modeling-scripts_Ski7.1//./output/stat.63.out
getting data from file ../modeling-scripts_Ski7.2//./output/stat.1.out
getting data from file ../modeling-scripts_Ski7.2//./output/stat.25.out
getting data from file ../modeling-scripts_Ski7.1//./output/stat.62.out
getting data from file ../modeling-scripts_Ski7.1//./output/stat.20.out
getting data from file ../modeling-scripts_Ski7.2//./output/stat.11.out
getting data from file ../modeling-scripts_Ski7.1//./output/stat.35.out
getting data from file ../modeling-scripts_Ski7.2//./output/stat.19.out
getting data from file ../modeling-scripts_Ski7.1//./output/stat.41.out
getting data from file ../modeling-scripts_Ski7.1//./output/stat.50.out
getting data from file ../modeling-scripts_Ski7.2//./output/stat.55.out
getting data from file ../modeling-scripts_Ski7.2//./output/stat.27.out
getting data from file ../modeling-scripts_Ski7.1//./output/stat.21.out
getting data from file ../modeling-scripts_Ski7.1//./output/stat.30.out
getting data from file ../modeling-scripts_Ski7.2//./output/stat.34.out
getting data from file ../modeling-scripts_Ski7.2//./output/stat.6.out
getting data from file ../modeling-scripts_Ski7.1//./output/stat.3.out
getting data from file ../modeling-scripts_Ski7.2//./output/stat.36.out
getting data from file ../modeling-scripts_Ski7.2//./output/stat.7.out
getting data from file ../modeling-scripts_Ski7.2//./output/stat.59.out
getting data from file ../modeling-scripts_Ski7.2//./output/stat.16.out
getting data from file ../modeling-scripts_Ski7.2//./output/stat.5.out
getting data from file ../modeling-scripts_Ski7.1//./output/stat.48.out
getting data from file ../modeling-scripts_Ski7.1//./output/stat.27.out
getting data from file ../modeling-scripts_Ski7.2//./output/stat.58.out
getting data from file ../modeling-scripts_Ski7.2//./output/stat.54.out
getting data from file ../modeling-scripts_Ski7.2//./output/stat.4.out
getting data from file ../modeling-scripts_Ski7.2//./output/stat.57.out
getting data from file ../modeling-scripts_Ski7.2//./output/stat.44.out
getting data from file ../modeling-scripts_Ski7.2//./output/stat.31.out
getting data from file ../modeling-scripts_Ski7.2//./output/stat.24.out
getting data from file ../modeling-scripts_Ski7.2//./output/stat.15.out
getting data from file ../modeling-scripts_Ski7.2//./output/stat.62.out
getting data from file ../modeling-scripts_Ski7.2//./output/stat.38.out
getting data from file ../modeling-scripts_Ski7.1//./output/stat.34.out
getting data from file ../modeling-scripts_Ski7.2//./output/stat.53.out
getting data from file ../modeling-scripts_Ski7.1//./output/stat.6.out
getting data from file ../modeling-scripts_Ski7.2//./output/stat.47.out
getting data from file ../modeling-scripts_Ski7.2//./output/stat.12.out
getting data from file ../modeling-scripts_Ski7.2//./output/stat.20.out
getting data from file ../modeling-scripts_Ski7.2//./output/stat.45.out
getting data from file ../modeling-scripts_Ski7.1//./output/stat.5.out
getting data from file ../modeling-scripts_Ski7.1//./output/stat.54.out
getting data from file ../modeling-scripts_Ski7.2//./output/stat.18.out
getting data from file ../modeling-scripts_Ski7.2//./output/stat.30.out
getting data from file ../modeling-scripts_Ski7.1//./output/stat.15.out
getting data from file ../modeling-scripts_Ski7.2//./output/stat.28.out
getting data from file ../modeling-scripts_Ski7.2//./output/stat.35.out
getting data from file ../modeling-scripts_Ski7.1//./output/stat.38.out
getting data from file ../modeling-scripts_Ski7.2//./output/stat.50.out
getting data from file ../modeling-scripts_Ski7.2//./output/stat.21.out
getting data from file ../modeling-scripts_Ski7.2//./output/stat.26.out
getting data from file ../modeling-scripts_Ski7.2//./output/stat.37.out
getting data from file ../modeling-scripts_Ski7.2//./output/stat.13.out
getting coordinates for frame 588 rmf file ../modeling-scripts_Ski7.1//./output/rmfs//9.rmf3
getting coordinates for frame 443 rmf file ../modeling-scripts_Ski7.1//./output/rmfs//9.rmf3
getting coordinates for frame 356 rmf file ../modeling-scripts_Ski7.1//./output/rmfs//30.rmf3
getting coordinates for frame 435 rmf file ../modeling-scripts_Ski7.2//./output/rmfs//11.rmf3
getting coordinates for frame 609 rmf file ../modeling-scripts_Ski7.1//./output/rmfs//9.rmf3
getting coordinates for frame 630 rmf file ../modeling-scripts_Ski7.2//./output/rmfs//10.rmf3
getting coordinates for frame 1806 rmf file ../modeling-scripts_Ski7.2//./output/rmfs//24.rmf3
getting coordinates for frame 896 rmf file ../modeling-scripts_Ski7.1//./output/rmfs//13.rmf3
getting coordinates for frame 443 rmf file ../modeling-scripts_Ski7.1//./output/rmfs//9.rmf3
getting coordinates for frame 356 rmf file ../modeling-scripts_Ski7.1//./output/rmfs//30.rmf3
getting coordinates for frame 630 rmf file ../modeling-scripts_Ski7.2//./output/rmfs//10.rmf3
getting coordinates for frame 588 rmf file ../modeling-scripts_Ski7.1//./output/rmfs//9.rmf3
getting coordinates for frame 896 rmf file ../modeling-scripts_Ski7.1//./output/rmfs//13.rmf3
getting coordinates for frame 435 rmf file ../modeling-scripts_Ski7.2//./output/rmfs//11.rmf3
getting coordinates for frame 1806 rmf file ../modeling-scripts_Ski7.2//./output/rmfs//24.rmf3
getting coordinates for frame 609 rmf file ../modeling-scripts_Ski7.1//./output/rmfs//9.rmf3
getting coordinates for frame 1805 rmf file ../modeling-scripts_Ski7.2//./output/rmfs//24.rmf3
getting coordinates for frame 434 rmf file ../modeling-scripts_Ski7.2//./output/rmfs//11.rmf3
getting coordinates for frame 422 rmf file ../modeling-scripts_Ski7.2//./output/rmfs//59.rmf3
getting coordinates for frame 349 rmf file ../modeling-scripts_Ski7.2//./output/rmfs//8.rmf3
getting coordinates for frame 186 rmf file ../modeling-scripts_Ski7.2//./output/rmfs//42.rmf3
getting coordinates for frame 785 rmf file ../modeling-scripts_Ski7.2//./output/rmfs//9.rmf3
getting coordinates for frame 564 rmf file ../modeling-scripts_Ski7.2//./output/rmfs//11.rmf3
getting coordinates for frame 187 rmf file ../modeling-scripts_Ski7.2//./output/rmfs//42.rmf3
getting coordinates for frame 478 rmf file ../modeling-scripts_Ski7.1//./output/rmfs//9.rmf3
getting coordinates for frame 688 rmf file ../modeling-scripts_Ski7.1//./output/rmfs//39.rmf3
getting coordinates for frame 1268 rmf file ../modeling-scripts_Ski7.1//./output/rmfs//13.rmf3
getting coordinates for frame 295 rmf file ../modeling-scripts_Ski7.1//./output/rmfs//30.rmf3
getting coordinates for frame 420 rmf file ../modeling-scripts_Ski7.2//./output/rmfs//59.rmf3
getting coordinates for frame 1016 rmf file ../modeling-scripts_Ski7.2//./output/rmfs//46.rmf3
getting coordinates for frame 442 rmf file ../modeling-scripts_Ski7.1//./output/rmfs//3.rmf3
getting coordinates for frame 1274 rmf file ../modeling-scripts_Ski7.1//./output/rmfs//13.rmf3
getting coordinates for frame 571 rmf file ../modeling-scripts_Ski7.2//./output/rmfs//8.rmf3
getting coordinates for frame 212 rmf file ../modeling-scripts_Ski7.2//./output/rmfs//42.rmf3
getting coordinates for frame 421 rmf file ../modeling-scripts_Ski7.1//./output/rmfs//9.rmf3
getting coordinates for frame 957 rmf file ../modeling-scripts_Ski7.2//./output/rmfs//24.rmf3
getting coordinates for frame 273 rmf file ../modeling-scripts_Ski7.2//./output/rmfs//8.rmf3
getting coordinates for frame 399 rmf file ../modeling-scripts_Ski7.1//./output/rmfs//9.rmf3
getting coordinates for frame 651 rmf file ../modeling-scripts_Ski7.1//./output/rmfs//39.rmf3
getting coordinates for frame 173 rmf file ../modeling-scripts_Ski7.2//./output/rmfs//42.rmf3
getting coordinates for frame 532 rmf file ../modeling-scripts_Ski7.1//./output/rmfs//9.rmf3
getting coordinates for frame 437 rmf file ../modeling-scripts_Ski7.1//./output/rmfs//9.rmf3
getting coordinates for frame 456 rmf file ../modeling-scripts_Ski7.2//./output/rmfs//59.rmf3
getting coordinates for frame 283 rmf file ../modeling-scripts_Ski7.2//./output/rmfs//32.rmf3
getting coordinates for frame 430 rmf file ../modeling-scripts_Ski7.2//./output/rmfs//2.rmf3
getting coordinates for frame 455 rmf file ../modeling-scripts_Ski7.2//./output/rmfs//28.rmf3
getting coordinates for frame 539 rmf file ../modeling-scripts_Ski7.2//./output/rmfs//28.rmf3
getting coordinates for frame 232 rmf file ../modeling-scripts_Ski7.2//./output/rmfs//53.rmf3
getting coordinates for frame 421 rmf file ../modeling-scripts_Ski7.2//./output/rmfs//59.rmf3
getting coordinates for frame 1449 rmf file ../modeling-scripts_Ski7.2//./output/rmfs//24.rmf3
getting coordinates for frame 533 rmf file ../modeling-scripts_Ski7.1//./output/rmfs//39.rmf3
getting coordinates for frame 232 rmf file ../modeling-scripts_Ski7.2//./output/rmfs//14.rmf3
getting coordinates for frame 537 rmf file ../modeling-scripts_Ski7.2//./output/rmfs//59.rmf3
getting coordinates for frame 801 rmf file ../modeling-scripts_Ski7.2//./output/rmfs//9.rmf3
getting coordinates for frame 482 rmf file ../modeling-scripts_Ski7.2//./output/rmfs//8.rmf3
getting coordinates for frame 949 rmf file ../modeling-scripts_Ski7.1//./output/rmfs//39.rmf3
getting coordinates for frame 416 rmf file ../modeling-scripts_Ski7.1//./output/rmfs//9.rmf3
getting coordinates for frame 344 rmf file ../modeling-scripts_Ski7.2//./output/rmfs//8.rmf3
getting coordinates for frame 277 rmf file ../modeling-scripts_Ski7.2//./output/rmfs//11.rmf3
getting coordinates for frame 242 rmf file ../modeling-scripts_Ski7.1//./output/rmfs//9.rmf3
getting coordinates for frame 296 rmf file ../modeling-scripts_Ski7.2//./output/rmfs//8.rmf3
getting coordinates for frame 487 rmf file ../modeling-scripts_Ski7.2//./output/rmfs//28.rmf3
getting coordinates for frame 1046 rmf file ../modeling-scripts_Ski7.1//./output/rmfs//13.rmf3
getting coordinates for frame 872 rmf file ../modeling-scripts_Ski7.1//./output/rmfs//30.rmf3
getting coordinates for frame 319 rmf file ../modeling-scripts_Ski7.1//./output/rmfs//30.rmf3
getting coordinates for frame 534 rmf file ../modeling-scripts_Ski7.2//./output/rmfs//28.rmf3
getting coordinates for frame 418 rmf file ../modeling-scripts_Ski7.1//./output/rmfs//9.rmf3
getting coordinates for frame 590 rmf file ../modeling-scripts_Ski7.2//./output/rmfs//10.rmf3
getting coordinates for frame 536 rmf file ../modeling-scripts_Ski7.2//./output/rmfs//11.rmf3
getting coordinates for frame 1034 rmf file ../modeling-scripts_Ski7.2//./output/rmfs//10.rmf3
getting coordinates for frame 124 rmf file ../modeling-scripts_Ski7.2//./output/rmfs//42.rmf3
getting coordinates for frame 317 rmf file ../modeling-scripts_Ski7.1//./output/rmfs//30.rmf3
getting coordinates for frame 563 rmf file ../modeling-scripts_Ski7.2//./output/rmfs//8.rmf3
getting coordinates for frame 505 rmf file ../modeling-scripts_Ski7.2//./output/rmfs//10.rmf3
getting coordinates for frame 498 rmf file ../modeling-scripts_Ski7.2//./output/rmfs//9.rmf3
getting coordinates for frame 544 rmf file ../modeling-scripts_Ski7.2//./output/rmfs//28.rmf3
getting coordinates for frame 702 rmf file ../modeling-scripts_Ski7.2//./output/rmfs//11.rmf3
getting coordinates for frame 622 rmf file ../modeling-scripts_Ski7.1//./output/rmfs//39.rmf3
getting coordinates for frame 1857 rmf file ../modeling-scripts_Ski7.2//./output/rmfs//24.rmf3
getting coordinates for frame 310 rmf file ../modeling-scripts_Ski7.1//./output/rmfs//31.rmf3
getting coordinates for frame 624 rmf file ../modeling-scripts_Ski7.1//./output/rmfs//39.rmf3
getting coordinates for frame 453 rmf file ../modeling-scripts_Ski7.2//./output/rmfs//8.rmf3
getting coordinates for frame 215 rmf file ../modeling-scripts_Ski7.2//./output/rmfs//42.rmf3
getting coordinates for frame 1422 rmf file ../modeling-scripts_Ski7.2//./output/rmfs//24.rmf3
getting coordinates for frame 574 rmf file ../modeling-scripts_Ski7.2//./output/rmfs//10.rmf3
getting coordinates for frame 799 rmf file ../modeling-scripts_Ski7.2//./output/rmfs//9.rmf3
getting coordinates for frame 522 rmf file ../modeling-scripts_Ski7.1//./output/rmfs//9.rmf3
getting coordinates for frame 394 rmf file ../modeling-scripts_Ski7.2//./output/rmfs//11.rmf3
getting coordinates for frame 542 rmf file ../modeling-scripts_Ski7.2//./output/rmfs//10.rmf3
getting coordinates for frame 469 rmf file ../modeling-scripts_Ski7.2//./output/rmfs//59.rmf3
getting coordinates for frame 623 rmf file ../modeling-scripts_Ski7.1//./output/rmfs//39.rmf3
getting coordinates for frame 575 rmf file ../modeling-scripts_Ski7.1//./output/rmfs//9.rmf3
getting coordinates for frame 232 rmf file ../modeling-scripts_Ski7.2//./output/rmfs//42.rmf3
getting coordinates for frame 263 rmf file ../modeling-scripts_Ski7.2//./output/rmfs//11.rmf3
getting coordinates for frame 541 rmf file ../modeling-scripts_Ski7.2//./output/rmfs//53.rmf3
getting coordinates for frame 1387 rmf file ../modeling-scripts_Ski7.2//./output/rmfs//24.rmf3
getting coordinates for frame 486 rmf file ../modeling-scripts_Ski7.2//./output/rmfs//59.rmf3
getting coordinates for frame 962 rmf file ../modeling-scripts_Ski7.2//./output/rmfs//46.rmf3
getting coordinates for frame 905 rmf file ../modeling-scripts_Ski7.1//./output/rmfs//30.rmf3
getting coordinates for frame 350 rmf file ../modeling-scripts_Ski7.2//./output/rmfs//8.rmf3
getting coordinates for frame 536 rmf file ../modeling-scripts_Ski7.2//./output/rmfs//28.rmf3
getting coordinates for frame 637 rmf file ../modeling-scripts_Ski7.2//./output/rmfs//10.rmf3
getting coordinates for frame 340 rmf file ../modeling-scripts_Ski7.2//./output/rmfs//42.rmf3
getting coordinates for frame 508 rmf file ../modeling-scripts_Ski7.2//./output/rmfs//10.rmf3
getting coordinates for frame 953 rmf file ../modeling-scripts_Ski7.1//./output/rmfs//30.rmf3
getting coordinates for frame 448 rmf file ../modeling-scripts_Ski7.1//./output/rmfs//9.rmf3
getting coordinates for frame 1028 rmf file ../modeling-scripts_Ski7.2//./output/rmfs//62.rmf3
getting coordinates for frame 201 rmf file ../modeling-scripts_Ski7.2//./output/rmfs//42.rmf3
getting coordinates for frame 525 rmf file ../modeling-scripts_Ski7.1//./output/rmfs//60.rmf3
getting coordinates for frame 280 rmf file ../modeling-scripts_Ski7.2//./output/rmfs//42.rmf3
getting coordinates for frame 726 rmf file ../modeling-scripts_Ski7.1//./output/rmfs//27.rmf3
getting coordinates for frame 459 rmf file ../modeling-scripts_Ski7.1//./output/rmfs//9.rmf3
getting coordinates for frame 596 rmf file ../modeling-scripts_Ski7.2//./output/rmfs//10.rmf3
getting coordinates for frame 784 rmf file ../modeling-scripts_Ski7.2//./output/rmfs//9.rmf3
getting coordinates for frame 747 rmf file ../modeling-scripts_Ski7.1//./output/rmfs//30.rmf3
getting coordinates for frame 543 rmf file ../modeling-scripts_Ski7.2//./output/rmfs//8.rmf3
getting coordinates for frame 450 rmf file ../modeling-scripts_Ski7.2//./output/rmfs//11.rmf3
getting coordinates for frame 620 rmf file ../modeling-scripts_Ski7.2//./output/rmfs//10.rmf3
getting coordinates for frame 504 rmf file ../modeling-scripts_Ski7.2//./output/rmfs//10.rmf3
getting coordinates for frame 775 rmf file ../modeling-scripts_Ski7.1//./output/rmfs//41.rmf3
getting coordinates for frame 444 rmf file ../modeling-scripts_Ski7.1//./output/rmfs//9.rmf3
getting coordinates for frame 515 rmf file ../modeling-scripts_Ski7.2//./output/rmfs//59.rmf3
getting coordinates for frame 219 rmf file ../modeling-scripts_Ski7.2//./output/rmfs//40.rmf3
getting coordinates for frame 571 rmf file ../modeling-scripts_Ski7.2//./output/rmfs//10.rmf3
getting coordinates for frame 492 rmf file ../modeling-scripts_Ski7.2//./output/rmfs//11.rmf3
getting coordinates for frame 547 rmf file ../modeling-scripts_Ski7.1//./output/rmfs//60.rmf3
getting coordinates for frame 543 rmf file ../modeling-scripts_Ski7.2//./output/rmfs//28.rmf3
getting coordinates for frame 483 rmf file ../modeling-scripts_Ski7.2//./output/rmfs//8.rmf3
getting coordinates for frame 566 rmf file ../modeling-scripts_Ski7.2//./output/rmfs//11.rmf3
getting coordinates for frame 591 rmf file ../modeling-scripts_Ski7.2//./output/rmfs//10.rmf3
getting coordinates for frame 167 rmf file ../modeling-scripts_Ski7.2//./output/rmfs//53.rmf3
getting coordinates for frame 584 rmf file ../modeling-scripts_Ski7.1//./output/rmfs//9.rmf3
getting coordinates for frame 212 rmf file ../modeling-scripts_Ski7.2//./output/rmfs//8.rmf3
getting coordinates for frame 354 rmf file ../modeling-scripts_Ski7.2//./output/rmfs//42.rmf3
getting coordinates for frame 468 rmf file ../modeling-scripts_Ski7.1//./output/rmfs//9.rmf3
getting coordinates for frame 587 rmf file ../modeling-scripts_Ski7.1//./output/rmfs//9.rmf3
getting coordinates for frame 397 rmf file ../modeling-scripts_Ski7.1//./output/rmfs//9.rmf3
getting coordinates for frame 856 rmf file ../modeling-scripts_Ski7.1//./output/rmfs//13.rmf3
getting coordinates for frame 565 rmf file ../modeling-scripts_Ski7.2//./output/rmfs//10.rmf3
getting coordinates for frame 434 rmf file ../modeling-scripts_Ski7.2//./output/rmfs//42.rmf3
getting coordinates for frame 523 rmf file ../modeling-scripts_Ski7.2//./output/rmfs//28.rmf3
getting coordinates for frame 480 rmf file ../modeling-scripts_Ski7.1//./output/rmfs//9.rmf3
getting coordinates for frame 419 rmf file ../modeling-scripts_Ski7.2//./output/rmfs//59.rmf3
getting coordinates for frame 108 rmf file ../modeling-scripts_Ski7.1//./output/rmfs//21.rmf3
getting coordinates for frame 1033 rmf file ../modeling-scripts_Ski7.2//./output/rmfs//10.rmf3
getting coordinates for frame 399 rmf file ../modeling-scripts_Ski7.2//./output/rmfs//10.rmf3
getting coordinates for frame 421 rmf file ../modeling-scripts_Ski7.2//./output/rmfs//42.rmf3
getting coordinates for frame 509 rmf file ../modeling-scripts_Ski7.1//./output/rmfs//39.rmf3
getting coordinates for frame 685 rmf file ../modeling-scripts_Ski7.2//./output/rmfs//10.rmf3
getting coordinates for frame 791 rmf file ../modeling-scripts_Ski7.1//./output/rmfs//30.rmf3
getting coordinates for frame 712 rmf file ../modeling-scripts_Ski7.2//./output/rmfs//10.rmf3
getting coordinates for frame 566 rmf file ../modeling-scripts_Ski7.2//./output/rmfs//10.rmf3
getting coordinates for frame 504 rmf file ../modeling-scripts_Ski7.2//./output/rmfs//8.rmf3
getting coordinates for frame 308 rmf file ../modeling-scripts_Ski7.2//./output/rmfs//11.rmf3
getting coordinates for frame 573 rmf file ../modeling-scripts_Ski7.2//./output/rmfs//10.rmf3
getting coordinates for frame 262 rmf file ../modeling-scripts_Ski7.2//./output/rmfs//11.rmf3
getting coordinates for frame 511 rmf file ../modeling-scripts_Ski7.1//./output/rmfs//9.rmf3
getting coordinates for frame 575 rmf file ../modeling-scripts_Ski7.2//./output/rmfs//8.rmf3
getting coordinates for frame 1403 rmf file ../modeling-scripts_Ski7.2//./output/rmfs//24.rmf3
getting coordinates for frame 608 rmf file ../modeling-scripts_Ski7.1//./output/rmfs//9.rmf3
getting coordinates for frame 287 rmf file ../modeling-scripts_Ski7.1//./output/rmfs//30.rmf3
getting coordinates for frame 501 rmf file ../modeling-scripts_Ski7.2//./output/rmfs//11.rmf3
getting coordinates for frame 1002 rmf file ../modeling-scripts_Ski7.2//./output/rmfs//46.rmf3
getting coordinates for frame 236 rmf file ../modeling-scripts_Ski7.2//./output/rmfs//42.rmf3
getting coordinates for frame 490 rmf file ../modeling-scripts_Ski7.2//./output/rmfs//10.rmf3
getting coordinates for frame 251 rmf file ../modeling-scripts_Ski7.2//./output/rmfs//11.rmf3
getting coordinates for frame 281 rmf file ../modeling-scripts_Ski7.2//./output/rmfs//42.rmf3
getting coordinates for frame 253 rmf file ../modeling-scripts_Ski7.2//./output/rmfs//8.rmf3
getting coordinates for frame 439 rmf file ../modeling-scripts_Ski7.2//./output/rmfs//11.rmf3
getting coordinates for frame 675 rmf file ../modeling-scripts_Ski7.1//./output/rmfs//30.rmf3
getting coordinates for frame 618 rmf file ../modeling-scripts_Ski7.1//./output/rmfs//9.rmf3
getting coordinates for frame 383 rmf file ../modeling-scripts_Ski7.2//./output/rmfs//11.rmf3
getting coordinates for frame 462 rmf file ../modeling-scripts_Ski7.1//./output/rmfs//9.rmf3
getting coordinates for frame 558 rmf file ../modeling-scripts_Ski7.1//./output/rmfs//9.rmf3
getting coordinates for frame 1506 rmf file ../modeling-scripts_Ski7.2//./output/rmfs//24.rmf3
getting coordinates for frame 435 rmf file ../modeling-scripts_Ski7.2//./output/rmfs//28.rmf3
getting coordinates for frame 436 rmf file ../modeling-scripts_Ski7.2//./output/rmfs//42.rmf3
getting coordinates for frame 514 rmf file ../modeling-scripts_Ski7.1//./output/rmfs//60.rmf3
getting coordinates for frame 439 rmf file ../modeling-scripts_Ski7.1//./output/rmfs//9.rmf3
getting coordinates for frame 603 rmf file ../modeling-scripts_Ski7.1//./output/rmfs//3.rmf3
getting coordinates for frame 383 rmf file ../modeling-scripts_Ski7.2//./output/rmfs//2.rmf3
getting coordinates for frame 1399 rmf file ../modeling-scripts_Ski7.2//./output/rmfs//24.rmf3
getting coordinates for frame 704 rmf file ../modeling-scripts_Ski7.1//./output/rmfs//27.rmf3
getting coordinates for frame 237 rmf file ../modeling-scripts_Ski7.2//./output/rmfs//11.rmf3
getting coordinates for frame 570 rmf file ../modeling-scripts_Ski7.2//./output/rmfs//2.rmf3
getting coordinates for frame 967 rmf file ../modeling-scripts_Ski7.1//./output/rmfs//30.rmf3
getting coordinates for frame 481 rmf file ../modeling-scripts_Ski7.2//./output/rmfs//11.rmf3
getting coordinates for frame 289 rmf file ../modeling-scripts_Ski7.1//./output/rmfs//30.rmf3
getting coordinates for frame 280 rmf file ../modeling-scripts_Ski7.2//./output/rmfs//28.rmf3
getting coordinates for frame 507 rmf file ../modeling-scripts_Ski7.2//./output/rmfs//10.rmf3
getting coordinates for frame 245 rmf file ../modeling-scripts_Ski7.2//./output/rmfs//2.rmf3
getting coordinates for frame 232 rmf file ../modeling-scripts_Ski7.2//./output/rmfs//8.rmf3
getting coordinates for frame 166 rmf file ../modeling-scripts_Ski7.2//./output/rmfs//42.rmf3
getting coordinates for frame 577 rmf file ../modeling-scripts_Ski7.1//./output/rmfs//9.rmf3
getting coordinates for frame 281 rmf file ../modeling-scripts_Ski7.2//./output/rmfs//28.rmf3
getting coordinates for frame 528 rmf file ../modeling-scripts_Ski7.2//./output/rmfs//11.rmf3
getting coordinates for frame 372 rmf file ../modeling-scripts_Ski7.2//./output/rmfs//42.rmf3
getting coordinates for frame 560 rmf file ../modeling-scripts_Ski7.1//./output/rmfs//3.rmf3
getting coordinates for frame 457 rmf file ../modeling-scripts_Ski7.1//./output/rmfs//9.rmf3
getting coordinates for frame 484 rmf file ../modeling-scripts_Ski7.1//./output/rmfs//9.rmf3
getting coordinates for frame 628 rmf file ../modeling-scripts_Ski7.1//./output/rmfs//3.rmf3
getting coordinates for frame 561 rmf file ../modeling-scripts_Ski7.2//./output/rmfs//8.rmf3
getting coordinates for frame 201 rmf file ../modeling-scripts_Ski7.2//./output/rmfs//53.rmf3
getting coordinates for frame 854 rmf file ../modeling-scripts_Ski7.1//./output/rmfs//13.rmf3
getting coordinates for frame 545 rmf file ../modeling-scripts_Ski7.2//./output/rmfs//53.rmf3
getting coordinates for frame 233 rmf file ../modeling-scripts_Ski7.2//./output/rmfs//42.rmf3
getting coordinates for frame 271 rmf file ../modeling-scripts_Ski7.2//./output/rmfs//11.rmf3
getting coordinates for frame 475 rmf file ../modeling-scripts_Ski7.1//./output/rmfs//9.rmf3
setup clustering class
Global calculating the distance matrix
process 1 assigned with 2488 pairs
setup clustering class
Global calculating the distance matrix
process 2 assigned with 2487 pairs
setup clustering class
Global calculating the distance matrix
process 3 assigned with 2488 pairs
setup clustering class
Global calculating the distance matrix
process 4 assigned with 2487 pairs
setup clustering class
Global calculating the distance matrix
process 5 assigned with 2488 pairs
setup clustering class
Global calculating the distance matrix
process 6 assigned with 2487 pairs
setup clustering class
Global calculating the distance matrix
process 0 assigned with 2487 pairs
setup clustering class
Global calculating the distance matrix
process 7 assigned with 2488 pairs
[0, 1]
rank 0 
cluster 0 
cluster label 0 
['../modeling-scripts_Ski7.1//./output/rmfs//31.rmf3|310', '../modeling-scripts_Ski7.2//./output/rmfs//11.rmf3|528', '../modeling-scripts_Ski7.2//./output/rmfs//11.rmf3|251', '../modeling-scripts_Ski7.2//./output/rmfs//8.rmf3|571', '../modeling-scripts_Ski7.2//./output/rmfs//8.rmf3|273', '../modeling-scripts_Ski7.1//./output/rmfs//39.rmf3|509', '../modeling-scripts_Ski7.2//./output/rmfs//10.rmf3|685', '../modeling-scripts_Ski7.2//./output/rmfs//9.rmf3|784', '../modeling-scripts_Ski7.1//./output/rmfs//9.rmf3|418', '../modeling-scripts_Ski7.2//./output/rmfs//11.rmf3|394', '../modeling-scripts_Ski7.2//./output/rmfs//53.rmf3|167', '../modeling-scripts_Ski7.1//./output/rmfs//9.rmf3|416', '../modeling-scripts_Ski7.2//./output/rmfs//11.rmf3|434', '../modeling-scripts_Ski7.2//./output/rmfs//11.rmf3|435', '../modeling-scripts_Ski7.2//./output/rmfs//24.rmf3|1403', '../modeling-scripts_Ski7.1//./output/rmfs//9.rmf3|558', '../modeling-scripts_Ski7.2//./output/rmfs//11.rmf3|536', '../modeling-scripts_Ski7.2//./output/rmfs//53.rmf3|232', '../modeling-scripts_Ski7.2//./output/rmfs//11.rmf3|439', '../modeling-scripts_Ski7.2//./output/rmfs//10.rmf3|590', '../modeling-scripts_Ski7.2//./output/rmfs//42.rmf3|372', '../modeling-scripts_Ski7.2//./output/rmfs//10.rmf3|596', '../modeling-scripts_Ski7.2//./output/rmfs//24.rmf3|1806', '../modeling-scripts_Ski7.1//./output/rmfs//39.rmf3|622', '../modeling-scripts_Ski7.1//./output/rmfs//60.rmf3|525', '../modeling-scripts_Ski7.2//./output/rmfs//8.rmf3|504', '../modeling-scripts_Ski7.1//./output/rmfs//30.rmf3|295', '../modeling-scripts_Ski7.2//./output/rmfs//11.rmf3|564', '../modeling-scripts_Ski7.2//./output/rmfs//46.rmf3|1016', '../modeling-scripts_Ski7.2//./output/rmfs//8.rmf3|349', '../modeling-scripts_Ski7.2//./output/rmfs//10.rmf3|508', '../modeling-scripts_Ski7.1//./output/rmfs//30.rmf3|319', '../modeling-scripts_Ski7.1//./output/rmfs//9.rmf3|397', '../modeling-scripts_Ski7.1//./output/rmfs//30.rmf3|317', '../modeling-scripts_Ski7.1//./output/rmfs//9.rmf3|575', '../modeling-scripts_Ski7.2//./output/rmfs//10.rmf3|505', '../modeling-scripts_Ski7.2//./output/rmfs//10.rmf3|504', '../modeling-scripts_Ski7.2//./output/rmfs//10.rmf3|507', '../modeling-scripts_Ski7.2//./output/rmfs//28.rmf3|435', '../modeling-scripts_Ski7.2//./output/rmfs//59.rmf3|421', '../modeling-scripts_Ski7.2//./output/rmfs//59.rmf3|420', '../modeling-scripts_Ski7.2//./output/rmfs//59.rmf3|422', '../modeling-scripts_Ski7.2//./output/rmfs//8.rmf3|453', '../modeling-scripts_Ski7.2//./output/rmfs//11.rmf3|271', '../modeling-scripts_Ski7.1//./output/rmfs//9.rmf3|480', '../modeling-scripts_Ski7.2//./output/rmfs//42.rmf3|186', '../modeling-scripts_Ski7.2//./output/rmfs//42.rmf3|187', '../modeling-scripts_Ski7.1//./output/rmfs//9.rmf3|484', '../modeling-scripts_Ski7.2//./output/rmfs//11.rmf3|277', '../modeling-scripts_Ski7.2//./output/rmfs//59.rmf3|537', '../modeling-scripts_Ski7.2//./output/rmfs//24.rmf3|1857', '../modeling-scripts_Ski7.2//./output/rmfs//59.rmf3|456', '../modeling-scripts_Ski7.2//./output/rmfs//8.rmf3|296', '../modeling-scripts_Ski7.1//./output/rmfs//39.rmf3|651', '../modeling-scripts_Ski7.1//./output/rmfs//9.rmf3|437', '../modeling-scripts_Ski7.1//./output/rmfs//27.rmf3|726', '../modeling-scripts_Ski7.2//./output/rmfs//24.rmf3|1422', '../modeling-scripts_Ski7.1//./output/rmfs//9.rmf3|399', '../modeling-scripts_Ski7.2//./output/rmfs//10.rmf3|620', '../modeling-scripts_Ski7.1//./output/rmfs//9.rmf3|439', '../modeling-scripts_Ski7.2//./output/rmfs//42.rmf3|212', '../modeling-scripts_Ski7.1//./output/rmfs//3.rmf3|442', '../modeling-scripts_Ski7.2//./output/rmfs//42.rmf3|215', '../modeling-scripts_Ski7.2//./output/rmfs//11.rmf3|492', '../modeling-scripts_Ski7.1//./output/rmfs//27.rmf3|704', '../modeling-scripts_Ski7.2//./output/rmfs//11.rmf3|263', '../modeling-scripts_Ski7.2//./output/rmfs//11.rmf3|262', '../modeling-scripts_Ski7.1//./output/rmfs//60.rmf3|547', '../modeling-scripts_Ski7.2//./output/rmfs//42.rmf3|354', '../modeling-scripts_Ski7.2//./output/rmfs//46.rmf3|1002', '../modeling-scripts_Ski7.2//./output/rmfs//2.rmf3|570', '../modeling-scripts_Ski7.2//./output/rmfs//11.rmf3|501', '../modeling-scripts_Ski7.2//./output/rmfs//42.rmf3|281', '../modeling-scripts_Ski7.2//./output/rmfs//42.rmf3|280', '../modeling-scripts_Ski7.2//./output/rmfs//42.rmf3|124', '../modeling-scripts_Ski7.1//./output/rmfs//9.rmf3|421', '../modeling-scripts_Ski7.1//./output/rmfs//9.rmf3|588', '../modeling-scripts_Ski7.2//./output/rmfs//32.rmf3|283', '../modeling-scripts_Ski7.2//./output/rmfs//10.rmf3|630', '../modeling-scripts_Ski7.1//./output/rmfs//9.rmf3|587', '../modeling-scripts_Ski7.1//./output/rmfs//9.rmf3|584', '../modeling-scripts_Ski7.2//./output/rmfs//42.rmf3|201', '../modeling-scripts_Ski7.2//./output/rmfs//8.rmf3|232', '../modeling-scripts_Ski7.2//./output/rmfs//11.rmf3|566', '../modeling-scripts_Ski7.2//./output/rmfs//53.rmf3|201', '../modeling-scripts_Ski7.1//./output/rmfs//41.rmf3|775', '../modeling-scripts_Ski7.2//./output/rmfs//8.rmf3|344', '../modeling-scripts_Ski7.2//./output/rmfs//11.rmf3|481', '../modeling-scripts_Ski7.2//./output/rmfs//9.rmf3|785', '../modeling-scripts_Ski7.1//./output/rmfs//9.rmf3|618', '../modeling-scripts_Ski7.2//./output/rmfs//59.rmf3|486', '../modeling-scripts_Ski7.2//./output/rmfs//59.rmf3|419', '../modeling-scripts_Ski7.1//./output/rmfs//9.rmf3|457', '../modeling-scripts_Ski7.1//./output/rmfs//3.rmf3|603', '../modeling-scripts_Ski7.1//./output/rmfs//9.rmf3|459', '../modeling-scripts_Ski7.1//./output/rmfs//9.rmf3|511', '../modeling-scripts_Ski7.2//./output/rmfs//24.rmf3|1449', '../modeling-scripts_Ski7.2//./output/rmfs//9.rmf3|801', '../modeling-scripts_Ski7.2//./output/rmfs//24.rmf3|1387', '../modeling-scripts_Ski7.2//./output/rmfs//8.rmf3|543', '../modeling-scripts_Ski7.2//./output/rmfs//10.rmf3|490', '../modeling-scripts_Ski7.2//./output/rmfs//42.rmf3|236', '../modeling-scripts_Ski7.2//./output/rmfs//42.rmf3|232', '../modeling-scripts_Ski7.2//./output/rmfs//42.rmf3|233', '../modeling-scripts_Ski7.1//./output/rmfs//39.rmf3|624', '../modeling-scripts_Ski7.2//./output/rmfs//8.rmf3|350', '../modeling-scripts_Ski7.1//./output/rmfs//39.rmf3|623', '../modeling-scripts_Ski7.2//./output/rmfs//53.rmf3|545', '../modeling-scripts_Ski7.2//./output/rmfs//24.rmf3|1805', '../modeling-scripts_Ski7.2//./output/rmfs//10.rmf3|399', '../modeling-scripts_Ski7.1//./output/rmfs//9.rmf3|444', '../modeling-scripts_Ski7.1//./output/rmfs//9.rmf3|443', '../modeling-scripts_Ski7.2//./output/rmfs//10.rmf3|542', '../modeling-scripts_Ski7.2//./output/rmfs//42.rmf3|436', '../modeling-scripts_Ski7.2//./output/rmfs//42.rmf3|434', '../modeling-scripts_Ski7.1//./output/rmfs//9.rmf3|448', '../modeling-scripts_Ski7.2//./output/rmfs//11.rmf3|702', '../modeling-scripts_Ski7.2//./output/rmfs//10.rmf3|637', '../modeling-scripts_Ski7.1//./output/rmfs//30.rmf3|356', '../modeling-scripts_Ski7.2//./output/rmfs//8.rmf3|212', '../modeling-scripts_Ski7.2//./output/rmfs//59.rmf3|469', '../modeling-scripts_Ski7.2//./output/rmfs//10.rmf3|712', '../modeling-scripts_Ski7.1//./output/rmfs//60.rmf3|514', '../modeling-scripts_Ski7.2//./output/rmfs//8.rmf3|253', '../modeling-scripts_Ski7.2//./output/rmfs//10.rmf3|1034', '../modeling-scripts_Ski7.2//./output/rmfs//10.rmf3|1033', '../modeling-scripts_Ski7.2//./output/rmfs//11.rmf3|237', '../modeling-scripts_Ski7.1//./output/rmfs//30.rmf3|289', '../modeling-scripts_Ski7.1//./output/rmfs//30.rmf3|287', '../modeling-scripts_Ski7.2//./output/rmfs//42.rmf3|340', '../modeling-scripts_Ski7.2//./output/rmfs//24.rmf3|957', '../modeling-scripts_Ski7.2//./output/rmfs//10.rmf3|571', '../modeling-scripts_Ski7.2//./output/rmfs//10.rmf3|573', '../modeling-scripts_Ski7.2//./output/rmfs//10.rmf3|574', '../modeling-scripts_Ski7.1//./output/rmfs//9.rmf3|475', '../modeling-scripts_Ski7.1//./output/rmfs//9.rmf3|478', '../modeling-scripts_Ski7.2//./output/rmfs//42.rmf3|421', '../modeling-scripts_Ski7.1//./output/rmfs//9.rmf3|577', '../modeling-scripts_Ski7.2//./output/rmfs//8.rmf3|482', '../modeling-scripts_Ski7.1//./output/rmfs//9.rmf3|608', '../modeling-scripts_Ski7.1//./output/rmfs//9.rmf3|609', '../modeling-scripts_Ski7.2//./output/rmfs//24.rmf3|1506', '../modeling-scripts_Ski7.1//./output/rmfs//3.rmf3|560', '../modeling-scripts_Ski7.2//./output/rmfs//59.rmf3|515', '../modeling-scripts_Ski7.2//./output/rmfs//8.rmf3|563', '../modeling-scripts_Ski7.2//./output/rmfs//8.rmf3|561', '../modeling-scripts_Ski7.2//./output/rmfs//11.rmf3|450', '../modeling-scripts_Ski7.2//./output/rmfs//11.rmf3|308', '../modeling-scripts_Ski7.2//./output/rmfs//10.rmf3|565', '../modeling-scripts_Ski7.2//./output/rmfs//9.rmf3|799', '../modeling-scripts_Ski7.1//./output/rmfs//39.rmf3|533', '../modeling-scripts_Ski7.2//./output/rmfs//10.rmf3|591', '../modeling-scripts_Ski7.1//./output/rmfs//9.rmf3|468', '../modeling-scripts_Ski7.2//./output/rmfs//40.rmf3|219', '../modeling-scripts_Ski7.2//./output/rmfs//42.rmf3|166', '../modeling-scripts_Ski7.2//./output/rmfs//10.rmf3|566', '../modeling-scripts_Ski7.2//./output/rmfs//24.rmf3|1399', '../modeling-scripts_Ski7.2//./output/rmfs//8.rmf3|483', '../modeling-scripts_Ski7.1//./output/rmfs//9.rmf3|462']
getting coordinates for frame 310 rmf file ../modeling-scripts_Ski7.1//./output/rmfs//31.rmf3
getting coordinates for frame 528 rmf file ../modeling-scripts_Ski7.2//./output/rmfs//11.rmf3
getting coordinates for frame 251 rmf file ../modeling-scripts_Ski7.2//./output/rmfs//11.rmf3
getting coordinates for frame 571 rmf file ../modeling-scripts_Ski7.2//./output/rmfs//8.rmf3
getting coordinates for frame 273 rmf file ../modeling-scripts_Ski7.2//./output/rmfs//8.rmf3
getting coordinates for frame 509 rmf file ../modeling-scripts_Ski7.1//./output/rmfs//39.rmf3
getting coordinates for frame 685 rmf file ../modeling-scripts_Ski7.2//./output/rmfs//10.rmf3
getting coordinates for frame 784 rmf file ../modeling-scripts_Ski7.2//./output/rmfs//9.rmf3
getting coordinates for frame 418 rmf file ../modeling-scripts_Ski7.1//./output/rmfs//9.rmf3
getting coordinates for frame 394 rmf file ../modeling-scripts_Ski7.2//./output/rmfs//11.rmf3
getting coordinates for frame 167 rmf file ../modeling-scripts_Ski7.2//./output/rmfs//53.rmf3
getting coordinates for frame 416 rmf file ../modeling-scripts_Ski7.1//./output/rmfs//9.rmf3
getting coordinates for frame 434 rmf file ../modeling-scripts_Ski7.2//./output/rmfs//11.rmf3
getting coordinates for frame 435 rmf file ../modeling-scripts_Ski7.2//./output/rmfs//11.rmf3
getting coordinates for frame 1403 rmf file ../modeling-scripts_Ski7.2//./output/rmfs//24.rmf3
getting coordinates for frame 558 rmf file ../modeling-scripts_Ski7.1//./output/rmfs//9.rmf3
getting coordinates for frame 536 rmf file ../modeling-scripts_Ski7.2//./output/rmfs//11.rmf3
getting coordinates for frame 232 rmf file ../modeling-scripts_Ski7.2//./output/rmfs//53.rmf3
getting coordinates for frame 439 rmf file ../modeling-scripts_Ski7.2//./output/rmfs//11.rmf3
getting coordinates for frame 590 rmf file ../modeling-scripts_Ski7.2//./output/rmfs//10.rmf3
getting coordinates for frame 372 rmf file ../modeling-scripts_Ski7.2//./output/rmfs//42.rmf3
getting coordinates for frame 596 rmf file ../modeling-scripts_Ski7.2//./output/rmfs//10.rmf3
getting coordinates for frame 1806 rmf file ../modeling-scripts_Ski7.2//./output/rmfs//24.rmf3
getting coordinates for frame 622 rmf file ../modeling-scripts_Ski7.1//./output/rmfs//39.rmf3
getting coordinates for frame 525 rmf file ../modeling-scripts_Ski7.1//./output/rmfs//60.rmf3
getting coordinates for frame 504 rmf file ../modeling-scripts_Ski7.2//./output/rmfs//8.rmf3
getting coordinates for frame 295 rmf file ../modeling-scripts_Ski7.1//./output/rmfs//30.rmf3
getting coordinates for frame 564 rmf file ../modeling-scripts_Ski7.2//./output/rmfs//11.rmf3
getting coordinates for frame 1016 rmf file ../modeling-scripts_Ski7.2//./output/rmfs//46.rmf3
getting coordinates for frame 349 rmf file ../modeling-scripts_Ski7.2//./output/rmfs//8.rmf3
getting coordinates for frame 508 rmf file ../modeling-scripts_Ski7.2//./output/rmfs//10.rmf3
getting coordinates for frame 319 rmf file ../modeling-scripts_Ski7.1//./output/rmfs//30.rmf3
getting coordinates for frame 397 rmf file ../modeling-scripts_Ski7.1//./output/rmfs//9.rmf3
getting coordinates for frame 317 rmf file ../modeling-scripts_Ski7.1//./output/rmfs//30.rmf3
getting coordinates for frame 575 rmf file ../modeling-scripts_Ski7.1//./output/rmfs//9.rmf3
getting coordinates for frame 505 rmf file ../modeling-scripts_Ski7.2//./output/rmfs//10.rmf3
getting coordinates for frame 504 rmf file ../modeling-scripts_Ski7.2//./output/rmfs//10.rmf3
getting coordinates for frame 507 rmf file ../modeling-scripts_Ski7.2//./output/rmfs//10.rmf3
getting coordinates for frame 435 rmf file ../modeling-scripts_Ski7.2//./output/rmfs//28.rmf3
getting coordinates for frame 421 rmf file ../modeling-scripts_Ski7.2//./output/rmfs//59.rmf3
getting coordinates for frame 420 rmf file ../modeling-scripts_Ski7.2//./output/rmfs//59.rmf3
getting coordinates for frame 422 rmf file ../modeling-scripts_Ski7.2//./output/rmfs//59.rmf3
getting coordinates for frame 453 rmf file ../modeling-scripts_Ski7.2//./output/rmfs//8.rmf3
getting coordinates for frame 271 rmf file ../modeling-scripts_Ski7.2//./output/rmfs//11.rmf3
getting coordinates for frame 480 rmf file ../modeling-scripts_Ski7.1//./output/rmfs//9.rmf3
getting coordinates for frame 186 rmf file ../modeling-scripts_Ski7.2//./output/rmfs//42.rmf3
getting coordinates for frame 187 rmf file ../modeling-scripts_Ski7.2//./output/rmfs//42.rmf3
getting coordinates for frame 484 rmf file ../modeling-scripts_Ski7.1//./output/rmfs//9.rmf3
getting coordinates for frame 277 rmf file ../modeling-scripts_Ski7.2//./output/rmfs//11.rmf3
getting coordinates for frame 537 rmf file ../modeling-scripts_Ski7.2//./output/rmfs//59.rmf3
getting coordinates for frame 1857 rmf file ../modeling-scripts_Ski7.2//./output/rmfs//24.rmf3
getting coordinates for frame 456 rmf file ../modeling-scripts_Ski7.2//./output/rmfs//59.rmf3
getting coordinates for frame 296 rmf file ../modeling-scripts_Ski7.2//./output/rmfs//8.rmf3
getting coordinates for frame 651 rmf file ../modeling-scripts_Ski7.1//./output/rmfs//39.rmf3
getting coordinates for frame 437 rmf file ../modeling-scripts_Ski7.1//./output/rmfs//9.rmf3
getting coordinates for frame 726 rmf file ../modeling-scripts_Ski7.1//./output/rmfs//27.rmf3
getting coordinates for frame 1422 rmf file ../modeling-scripts_Ski7.2//./output/rmfs//24.rmf3
getting coordinates for frame 399 rmf file ../modeling-scripts_Ski7.1//./output/rmfs//9.rmf3
getting coordinates for frame 620 rmf file ../modeling-scripts_Ski7.2//./output/rmfs//10.rmf3
getting coordinates for frame 439 rmf file ../modeling-scripts_Ski7.1//./output/rmfs//9.rmf3
getting coordinates for frame 212 rmf file ../modeling-scripts_Ski7.2//./output/rmfs//42.rmf3
getting coordinates for frame 442 rmf file ../modeling-scripts_Ski7.1//./output/rmfs//3.rmf3
getting coordinates for frame 215 rmf file ../modeling-scripts_Ski7.2//./output/rmfs//42.rmf3
getting coordinates for frame 492 rmf file ../modeling-scripts_Ski7.2//./output/rmfs//11.rmf3
getting coordinates for frame 704 rmf file ../modeling-scripts_Ski7.1//./output/rmfs//27.rmf3
getting coordinates for frame 263 rmf file ../modeling-scripts_Ski7.2//./output/rmfs//11.rmf3
getting coordinates for frame 262 rmf file ../modeling-scripts_Ski7.2//./output/rmfs//11.rmf3
getting coordinates for frame 547 rmf file ../modeling-scripts_Ski7.1//./output/rmfs//60.rmf3
getting coordinates for frame 354 rmf file ../modeling-scripts_Ski7.2//./output/rmfs//42.rmf3
getting coordinates for frame 1002 rmf file ../modeling-scripts_Ski7.2//./output/rmfs//46.rmf3
getting coordinates for frame 570 rmf file ../modeling-scripts_Ski7.2//./output/rmfs//2.rmf3
getting coordinates for frame 501 rmf file ../modeling-scripts_Ski7.2//./output/rmfs//11.rmf3
getting coordinates for frame 281 rmf file ../modeling-scripts_Ski7.2//./output/rmfs//42.rmf3
getting coordinates for frame 280 rmf file ../modeling-scripts_Ski7.2//./output/rmfs//42.rmf3
getting coordinates for frame 124 rmf file ../modeling-scripts_Ski7.2//./output/rmfs//42.rmf3
getting coordinates for frame 421 rmf file ../modeling-scripts_Ski7.1//./output/rmfs//9.rmf3
getting coordinates for frame 588 rmf file ../modeling-scripts_Ski7.1//./output/rmfs//9.rmf3
getting coordinates for frame 283 rmf file ../modeling-scripts_Ski7.2//./output/rmfs//32.rmf3
getting coordinates for frame 630 rmf file ../modeling-scripts_Ski7.2//./output/rmfs//10.rmf3
getting coordinates for frame 587 rmf file ../modeling-scripts_Ski7.1//./output/rmfs//9.rmf3
getting coordinates for frame 584 rmf file ../modeling-scripts_Ski7.1//./output/rmfs//9.rmf3
getting coordinates for frame 201 rmf file ../modeling-scripts_Ski7.2//./output/rmfs//42.rmf3
getting coordinates for frame 232 rmf file ../modeling-scripts_Ski7.2//./output/rmfs//8.rmf3
getting coordinates for frame 566 rmf file ../modeling-scripts_Ski7.2//./output/rmfs//11.rmf3
getting coordinates for frame 201 rmf file ../modeling-scripts_Ski7.2//./output/rmfs//53.rmf3
getting coordinates for frame 775 rmf file ../modeling-scripts_Ski7.1//./output/rmfs//41.rmf3
getting coordinates for frame 344 rmf file ../modeling-scripts_Ski7.2//./output/rmfs//8.rmf3
getting coordinates for frame 481 rmf file ../modeling-scripts_Ski7.2//./output/rmfs//11.rmf3
getting coordinates for frame 785 rmf file ../modeling-scripts_Ski7.2//./output/rmfs//9.rmf3
getting coordinates for frame 618 rmf file ../modeling-scripts_Ski7.1//./output/rmfs//9.rmf3
getting coordinates for frame 486 rmf file ../modeling-scripts_Ski7.2//./output/rmfs//59.rmf3
getting coordinates for frame 419 rmf file ../modeling-scripts_Ski7.2//./output/rmfs//59.rmf3
getting coordinates for frame 457 rmf file ../modeling-scripts_Ski7.1//./output/rmfs//9.rmf3
getting coordinates for frame 603 rmf file ../modeling-scripts_Ski7.1//./output/rmfs//3.rmf3
getting coordinates for frame 459 rmf file ../modeling-scripts_Ski7.1//./output/rmfs//9.rmf3
getting coordinates for frame 511 rmf file ../modeling-scripts_Ski7.1//./output/rmfs//9.rmf3
getting coordinates for frame 1449 rmf file ../modeling-scripts_Ski7.2//./output/rmfs//24.rmf3
getting coordinates for frame 801 rmf file ../modeling-scripts_Ski7.2//./output/rmfs//9.rmf3
getting coordinates for frame 1387 rmf file ../modeling-scripts_Ski7.2//./output/rmfs//24.rmf3
getting coordinates for frame 543 rmf file ../modeling-scripts_Ski7.2//./output/rmfs//8.rmf3
getting coordinates for frame 490 rmf file ../modeling-scripts_Ski7.2//./output/rmfs//10.rmf3
getting coordinates for frame 236 rmf file ../modeling-scripts_Ski7.2//./output/rmfs//42.rmf3
getting coordinates for frame 232 rmf file ../modeling-scripts_Ski7.2//./output/rmfs//42.rmf3
getting coordinates for frame 233 rmf file ../modeling-scripts_Ski7.2//./output/rmfs//42.rmf3
getting coordinates for frame 624 rmf file ../modeling-scripts_Ski7.1//./output/rmfs//39.rmf3
getting coordinates for frame 350 rmf file ../modeling-scripts_Ski7.2//./output/rmfs//8.rmf3
getting coordinates for frame 623 rmf file ../modeling-scripts_Ski7.1//./output/rmfs//39.rmf3
getting coordinates for frame 545 rmf file ../modeling-scripts_Ski7.2//./output/rmfs//53.rmf3
getting coordinates for frame 1805 rmf file ../modeling-scripts_Ski7.2//./output/rmfs//24.rmf3
getting coordinates for frame 399 rmf file ../modeling-scripts_Ski7.2//./output/rmfs//10.rmf3
getting coordinates for frame 444 rmf file ../modeling-scripts_Ski7.1//./output/rmfs//9.rmf3
getting coordinates for frame 443 rmf file ../modeling-scripts_Ski7.1//./output/rmfs//9.rmf3
getting coordinates for frame 542 rmf file ../modeling-scripts_Ski7.2//./output/rmfs//10.rmf3
getting coordinates for frame 436 rmf file ../modeling-scripts_Ski7.2//./output/rmfs//42.rmf3
getting coordinates for frame 434 rmf file ../modeling-scripts_Ski7.2//./output/rmfs//42.rmf3
getting coordinates for frame 448 rmf file ../modeling-scripts_Ski7.1//./output/rmfs//9.rmf3
getting coordinates for frame 702 rmf file ../modeling-scripts_Ski7.2//./output/rmfs//11.rmf3
getting coordinates for frame 637 rmf file ../modeling-scripts_Ski7.2//./output/rmfs//10.rmf3
getting coordinates for frame 356 rmf file ../modeling-scripts_Ski7.1//./output/rmfs//30.rmf3
getting coordinates for frame 212 rmf file ../modeling-scripts_Ski7.2//./output/rmfs//8.rmf3
getting coordinates for frame 469 rmf file ../modeling-scripts_Ski7.2//./output/rmfs//59.rmf3
getting coordinates for frame 712 rmf file ../modeling-scripts_Ski7.2//./output/rmfs//10.rmf3
getting coordinates for frame 514 rmf file ../modeling-scripts_Ski7.1//./output/rmfs//60.rmf3
getting coordinates for frame 253 rmf file ../modeling-scripts_Ski7.2//./output/rmfs//8.rmf3
getting coordinates for frame 1034 rmf file ../modeling-scripts_Ski7.2//./output/rmfs//10.rmf3
getting coordinates for frame 1033 rmf file ../modeling-scripts_Ski7.2//./output/rmfs//10.rmf3
getting coordinates for frame 237 rmf file ../modeling-scripts_Ski7.2//./output/rmfs//11.rmf3
getting coordinates for frame 289 rmf file ../modeling-scripts_Ski7.1//./output/rmfs//30.rmf3
getting coordinates for frame 287 rmf file ../modeling-scripts_Ski7.1//./output/rmfs//30.rmf3
getting coordinates for frame 340 rmf file ../modeling-scripts_Ski7.2//./output/rmfs//42.rmf3
getting coordinates for frame 957 rmf file ../modeling-scripts_Ski7.2//./output/rmfs//24.rmf3
getting coordinates for frame 571 rmf file ../modeling-scripts_Ski7.2//./output/rmfs//10.rmf3
getting coordinates for frame 573 rmf file ../modeling-scripts_Ski7.2//./output/rmfs//10.rmf3
getting coordinates for frame 574 rmf file ../modeling-scripts_Ski7.2//./output/rmfs//10.rmf3
getting coordinates for frame 475 rmf file ../modeling-scripts_Ski7.1//./output/rmfs//9.rmf3
getting coordinates for frame 478 rmf file ../modeling-scripts_Ski7.1//./output/rmfs//9.rmf3
getting coordinates for frame 421 rmf file ../modeling-scripts_Ski7.2//./output/rmfs//42.rmf3
getting coordinates for frame 577 rmf file ../modeling-scripts_Ski7.1//./output/rmfs//9.rmf3
getting coordinates for frame 482 rmf file ../modeling-scripts_Ski7.2//./output/rmfs//8.rmf3
getting coordinates for frame 608 rmf file ../modeling-scripts_Ski7.1//./output/rmfs//9.rmf3
getting coordinates for frame 609 rmf file ../modeling-scripts_Ski7.1//./output/rmfs//9.rmf3
getting coordinates for frame 1506 rmf file ../modeling-scripts_Ski7.2//./output/rmfs//24.rmf3
getting coordinates for frame 560 rmf file ../modeling-scripts_Ski7.1//./output/rmfs//3.rmf3
getting coordinates for frame 515 rmf file ../modeling-scripts_Ski7.2//./output/rmfs//59.rmf3
getting coordinates for frame 563 rmf file ../modeling-scripts_Ski7.2//./output/rmfs//8.rmf3
getting coordinates for frame 561 rmf file ../modeling-scripts_Ski7.2//./output/rmfs//8.rmf3
getting coordinates for frame 450 rmf file ../modeling-scripts_Ski7.2//./output/rmfs//11.rmf3
getting coordinates for frame 308 rmf file ../modeling-scripts_Ski7.2//./output/rmfs//11.rmf3
getting coordinates for frame 565 rmf file ../modeling-scripts_Ski7.2//./output/rmfs//10.rmf3
getting coordinates for frame 799 rmf file ../modeling-scripts_Ski7.2//./output/rmfs//9.rmf3
getting coordinates for frame 533 rmf file ../modeling-scripts_Ski7.1//./output/rmfs//39.rmf3
getting coordinates for frame 591 rmf file ../modeling-scripts_Ski7.2//./output/rmfs//10.rmf3
getting coordinates for frame 468 rmf file ../modeling-scripts_Ski7.1//./output/rmfs//9.rmf3
getting coordinates for frame 219 rmf file ../modeling-scripts_Ski7.2//./output/rmfs//40.rmf3
getting coordinates for frame 166 rmf file ../modeling-scripts_Ski7.2//./output/rmfs//42.rmf3
getting coordinates for frame 566 rmf file ../modeling-scripts_Ski7.2//./output/rmfs//10.rmf3
getting coordinates for frame 1399 rmf file ../modeling-scripts_Ski7.2//./output/rmfs//24.rmf3
getting coordinates for frame 483 rmf file ../modeling-scripts_Ski7.2//./output/rmfs//8.rmf3
getting coordinates for frame 462 rmf file ../modeling-scripts_Ski7.1//./output/rmfs//9.rmf3
rank 0 
cluster 1 
cluster label 1 
['../modeling-scripts_Ski7.2//./output/rmfs//8.rmf3|575', '../modeling-scripts_Ski7.2//./output/rmfs//28.rmf3|280', '../modeling-scripts_Ski7.2//./output/rmfs//46.rmf3|962', '../modeling-scripts_Ski7.2//./output/rmfs//42.rmf3|173', '../modeling-scripts_Ski7.1//./output/rmfs//30.rmf3|675', '../modeling-scripts_Ski7.1//./output/rmfs//30.rmf3|872', '../modeling-scripts_Ski7.1//./output/rmfs//30.rmf3|791', '../modeling-scripts_Ski7.1//./output/rmfs//9.rmf3|522', '../modeling-scripts_Ski7.2//./output/rmfs//28.rmf3|539', '../modeling-scripts_Ski7.2//./output/rmfs//28.rmf3|536', '../modeling-scripts_Ski7.2//./output/rmfs//2.rmf3|245', '../modeling-scripts_Ski7.1//./output/rmfs//30.rmf3|953', '../modeling-scripts_Ski7.1//./output/rmfs//9.rmf3|242', '../modeling-scripts_Ski7.1//./output/rmfs//13.rmf3|896', '../modeling-scripts_Ski7.1//./output/rmfs//9.rmf3|532', '../modeling-scripts_Ski7.2//./output/rmfs//28.rmf3|544', '../modeling-scripts_Ski7.2//./output/rmfs//28.rmf3|543', '../modeling-scripts_Ski7.2//./output/rmfs//14.rmf3|232', '../modeling-scripts_Ski7.2//./output/rmfs//28.rmf3|281', '../modeling-scripts_Ski7.1//./output/rmfs//30.rmf3|747', '../modeling-scripts_Ski7.1//./output/rmfs//3.rmf3|628', '../modeling-scripts_Ski7.2//./output/rmfs//9.rmf3|498', '../modeling-scripts_Ski7.2//./output/rmfs//28.rmf3|487', '../modeling-scripts_Ski7.2//./output/rmfs//62.rmf3|1028', '../modeling-scripts_Ski7.2//./output/rmfs//28.rmf3|534', '../modeling-scripts_Ski7.1//./output/rmfs//30.rmf3|905', '../modeling-scripts_Ski7.1//./output/rmfs//21.rmf3|108', '../modeling-scripts_Ski7.2//./output/rmfs//53.rmf3|541', '../modeling-scripts_Ski7.1//./output/rmfs//39.rmf3|949', '../modeling-scripts_Ski7.1//./output/rmfs//13.rmf3|1046', '../modeling-scripts_Ski7.1//./output/rmfs//39.rmf3|688', '../modeling-scripts_Ski7.1//./output/rmfs//13.rmf3|1274', '../modeling-scripts_Ski7.2//./output/rmfs//2.rmf3|383', '../modeling-scripts_Ski7.1//./output/rmfs//30.rmf3|967', '../modeling-scripts_Ski7.1//./output/rmfs//13.rmf3|854', '../modeling-scripts_Ski7.1//./output/rmfs//13.rmf3|856', '../modeling-scripts_Ski7.2//./output/rmfs//28.rmf3|523', '../modeling-scripts_Ski7.2//./output/rmfs//11.rmf3|383', '../modeling-scripts_Ski7.1//./output/rmfs//13.rmf3|1268', '../modeling-scripts_Ski7.2//./output/rmfs//28.rmf3|455', '../modeling-scripts_Ski7.2//./output/rmfs//2.rmf3|430']
getting coordinates for frame 575 rmf file ../modeling-scripts_Ski7.2//./output/rmfs//8.rmf3
getting coordinates for frame 280 rmf file ../modeling-scripts_Ski7.2//./output/rmfs//28.rmf3
getting coordinates for frame 962 rmf file ../modeling-scripts_Ski7.2//./output/rmfs//46.rmf3
getting coordinates for frame 173 rmf file ../modeling-scripts_Ski7.2//./output/rmfs//42.rmf3
getting coordinates for frame 675 rmf file ../modeling-scripts_Ski7.1//./output/rmfs//30.rmf3
getting coordinates for frame 872 rmf file ../modeling-scripts_Ski7.1//./output/rmfs//30.rmf3
getting coordinates for frame 791 rmf file ../modeling-scripts_Ski7.1//./output/rmfs//30.rmf3
getting coordinates for frame 522 rmf file ../modeling-scripts_Ski7.1//./output/rmfs//9.rmf3
getting coordinates for frame 539 rmf file ../modeling-scripts_Ski7.2//./output/rmfs//28.rmf3
getting coordinates for frame 536 rmf file ../modeling-scripts_Ski7.2//./output/rmfs//28.rmf3
getting coordinates for frame 245 rmf file ../modeling-scripts_Ski7.2//./output/rmfs//2.rmf3
getting coordinates for frame 953 rmf file ../modeling-scripts_Ski7.1//./output/rmfs//30.rmf3
getting coordinates for frame 242 rmf file ../modeling-scripts_Ski7.1//./output/rmfs//9.rmf3
getting coordinates for frame 896 rmf file ../modeling-scripts_Ski7.1//./output/rmfs//13.rmf3
getting coordinates for frame 532 rmf file ../modeling-scripts_Ski7.1//./output/rmfs//9.rmf3
getting coordinates for frame 544 rmf file ../modeling-scripts_Ski7.2//./output/rmfs//28.rmf3
getting coordinates for frame 543 rmf file ../modeling-scripts_Ski7.2//./output/rmfs//28.rmf3
getting coordinates for frame 232 rmf file ../modeling-scripts_Ski7.2//./output/rmfs//14.rmf3
getting coordinates for frame 281 rmf file ../modeling-scripts_Ski7.2//./output/rmfs//28.rmf3
getting coordinates for frame 747 rmf file ../modeling-scripts_Ski7.1//./output/rmfs//30.rmf3
getting coordinates for frame 628 rmf file ../modeling-scripts_Ski7.1//./output/rmfs//3.rmf3
getting coordinates for frame 498 rmf file ../modeling-scripts_Ski7.2//./output/rmfs//9.rmf3
getting coordinates for frame 487 rmf file ../modeling-scripts_Ski7.2//./output/rmfs//28.rmf3
getting coordinates for frame 1028 rmf file ../modeling-scripts_Ski7.2//./output/rmfs//62.rmf3
getting coordinates for frame 534 rmf file ../modeling-scripts_Ski7.2//./output/rmfs//28.rmf3
getting coordinates for frame 905 rmf file ../modeling-scripts_Ski7.1//./output/rmfs//30.rmf3
getting coordinates for frame 108 rmf file ../modeling-scripts_Ski7.1//./output/rmfs//21.rmf3
getting coordinates for frame 541 rmf file ../modeling-scripts_Ski7.2//./output/rmfs//53.rmf3
getting coordinates for frame 949 rmf file ../modeling-scripts_Ski7.1//./output/rmfs//39.rmf3
getting coordinates for frame 1046 rmf file ../modeling-scripts_Ski7.1//./output/rmfs//13.rmf3
getting coordinates for frame 688 rmf file ../modeling-scripts_Ski7.1//./output/rmfs//39.rmf3
getting coordinates for frame 1274 rmf file ../modeling-scripts_Ski7.1//./output/rmfs//13.rmf3
getting coordinates for frame 383 rmf file ../modeling-scripts_Ski7.2//./output/rmfs//2.rmf3
getting coordinates for frame 967 rmf file ../modeling-scripts_Ski7.1//./output/rmfs//30.rmf3
getting coordinates for frame 854 rmf file ../modeling-scripts_Ski7.1//./output/rmfs//13.rmf3
getting coordinates for frame 856 rmf file ../modeling-scripts_Ski7.1//./output/rmfs//13.rmf3
getting coordinates for frame 523 rmf file ../modeling-scripts_Ski7.2//./output/rmfs//28.rmf3
getting coordinates for frame 383 rmf file ../modeling-scripts_Ski7.2//./output/rmfs//11.rmf3
getting coordinates for frame 1268 rmf file ../modeling-scripts_Ski7.1//./output/rmfs//13.rmf3
getting coordinates for frame 455 rmf file ../modeling-scripts_Ski7.2//./output/rmfs//28.rmf3
getting coordinates for frame 430 rmf file ../modeling-scripts_Ski7.2//./output/rmfs//2.rmf3
