getting coordinates for frame 0 rmf file kmeans_weight_500_2/cluster.1/40.rmf3
getting coordinates for frame 0 rmf file kmeans_weight_500_2/cluster.1/40.rmf3
getting coordinates for frame 0 rmf file kmeans_weight_500_2/cluster.1/40.rmf3
getting coordinates for frame 0 rmf file kmeans_weight_500_2/cluster.1/20.rmf3
getting coordinates for frame 0 rmf file kmeans_weight_500_2/cluster.1/20.rmf3
getting coordinates for frame 0 rmf file kmeans_weight_500_2/cluster.1/30.rmf3
getting coordinates for frame 0 rmf file kmeans_weight_500_2/cluster.1/30.rmf3
getting coordinates for frame 0 rmf file kmeans_weight_500_2/cluster.1/31.rmf3
getting coordinates for frame 0 rmf file kmeans_weight_500_2/cluster.1/31.rmf3
getting coordinates for frame 0 rmf file kmeans_weight_500_2/cluster.1/15.rmf3
getting coordinates for frame 0 rmf file kmeans_weight_500_2/cluster.1/15.rmf3
getting coordinates for frame 0 rmf file kmeans_weight_500_2/cluster.0/64.rmf3
getting coordinates for frame 0 rmf file kmeans_weight_500_2/cluster.0/64.rmf3
getting coordinates for frame 0 rmf file kmeans_weight_500_2/cluster.0/10.rmf3
getting coordinates for frame 0 rmf file kmeans_weight_500_2/cluster.0/10.rmf3
getting coordinates for frame 0 rmf file kmeans_weight_500_2/cluster.0/24.rmf3
getting coordinates for frame 0 rmf file kmeans_weight_500_2/cluster.0/24.rmf3
getting coordinates for frame 0 rmf file kmeans_weight_500_2/cluster.0/36.rmf3
getting coordinates for frame 0 rmf file kmeans_weight_500_2/cluster.0/36.rmf3
getting coordinates for frame 0 rmf file kmeans_weight_500_2/cluster.0/154.rmf3
getting coordinates for frame 0 rmf file kmeans_weight_500_2/cluster.0/154.rmf3
getting coordinates for frame 0 rmf file kmeans_weight_500_2/cluster.0/80.rmf3
getting coordinates for frame 0 rmf file kmeans_weight_500_2/cluster.0/80.rmf3
getting coordinates for frame 0 rmf file kmeans_weight_500_2/cluster.0/13.rmf3
getting coordinates for frame 0 rmf file kmeans_weight_500_2/cluster.0/13.rmf3
getting coordinates for frame 0 rmf file kmeans_weight_500_2/cluster.0/14.rmf3
getting coordinates for frame 0 rmf file kmeans_weight_500_2/cluster.0/14.rmf3
getting coordinates for frame 0 rmf file kmeans_weight_500_2/cluster.0/119.rmf3
getting coordinates for frame 0 rmf file kmeans_weight_500_2/cluster.0/119.rmf3
getting coordinates for frame 0 rmf file kmeans_weight_500_2/cluster.0/87.rmf3
getting coordinates for frame 0 rmf file kmeans_weight_500_2/cluster.0/87.rmf3
getting coordinates for frame 0 rmf file kmeans_weight_500_2/cluster.0/3.rmf3
getting coordinates for frame 0 rmf file kmeans_weight_500_2/cluster.0/3.rmf3
getting coordinates for frame 0 rmf file kmeans_weight_500_2/cluster.0/106.rmf3
getting coordinates for frame 0 rmf file kmeans_weight_500_2/cluster.0/106.rmf3
getting coordinates for frame 0 rmf file kmeans_weight_500_2/cluster.0/109.rmf3
getting coordinates for frame 0 rmf file kmeans_weight_500_2/cluster.0/109.rmf3
getting coordinates for frame 0 rmf file kmeans_weight_500_2/cluster.0/22.rmf3
getting coordinates for frame 0 rmf file kmeans_weight_500_2/cluster.0/22.rmf3
getting coordinates for frame 0 rmf file kmeans_weight_500_2/cluster.0/63.rmf3
getting coordinates for frame 0 rmf file kmeans_weight_500_2/cluster.0/63.rmf3
getting coordinates for frame 0 rmf file kmeans_weight_500_2/cluster.0/101.rmf3
getting coordinates for frame 0 rmf file kmeans_weight_500_2/cluster.0/101.rmf3
0 0 25 25 0
0 4 25 25 1
0 8 25 25 2
0 12 25 25 3
0 16 25 25 4
0 20 25 25 5
0 24 25 25 6
0 28 25 25 7
0 32 25 25 8
0 36 25 25 9
0 40 25 25 10
0 44 25 25 11
0 48 25 25 12
0 52 25 25 13
0 56 25 25 14
0 60 25 25 15
0 64 25 25 16
0 68 25 25 17
0 72 25 25 18
0 76 25 25 19
0 80 25 25 20
0 84 25 25 21
0 88 25 25 22
0 92 25 25 23
0 96 25 25 24
0 0 256 256 0
0 0 256 256 1
0 0 256 256 2
0 1 256 256 3
0 1 256 256 4
0 1 256 256 5
0 2 256 256 6
0 2 256 256 7
0 3 256 256 8
0 3 256 256 9
0 3 256 256 10
0 4 256 256 11
0 4 256 256 12
0 5 256 256 13
0 5 256 256 14
0 5 256 256 15
0 6 256 256 16
0 6 256 256 17
0 7 256 256 18
0 7 256 256 19
0 7 256 256 20
0 8 256 256 21
0 8 256 256 22
0 8 256 256 23
0 9 256 256 24
0 9 256 256 25
0 10 256 256 26
0 10 256 256 27
0 10 256 256 28
0 11 256 256 29
0 11 256 256 30
0 12 256 256 31
0 12 256 256 32
0 12 256 256 33
0 13 256 256 34
0 13 256 256 35
0 14 256 256 36
0 14 256 256 37
0 14 256 256 38
0 15 256 256 39
0 15 256 256 40
0 16 256 256 41
0 16 256 256 42
0 16 256 256 43
0 17 256 256 44
0 17 256 256 45
0 17 256 256 46
0 18 256 256 47
0 18 256 256 48
0 19 256 256 49
0 19 256 256 50
0 19 256 256 51
0 20 256 256 52
0 20 256 256 53
0 21 256 256 54
0 21 256 256 55
0 21 256 256 56
0 22 256 256 57
0 22 256 256 58
0 23 256 256 59
0 23 256 256 60
0 23 256 256 61
0 24 256 256 62
0 24 256 256 63
0 25 256 256 64
0 25 256 256 65
0 25 256 256 66
0 26 256 256 67
0 26 256 256 68
0 26 256 256 69
0 27 256 256 70
0 27 256 256 71
0 28 256 256 72
0 28 256 256 73
0 28 256 256 74
0 29 256 256 75
0 29 256 256 76
0 30 256 256 77
0 30 256 256 78
0 30 256 256 79
0 31 256 256 80
0 31 256 256 81
0 32 256 256 82
0 32 256 256 83
0 32 256 256 84
0 33 256 256 85
0 33 256 256 86
0 33 256 256 87
0 34 256 256 88
0 34 256 256 89
0 35 256 256 90
0 35 256 256 91
0 35 256 256 92
0 36 256 256 93
0 36 256 256 94
0 37 256 256 95
0 37 256 256 96
0 37 256 256 97
0 38 256 256 98
0 38 256 256 99
0 39 256 256 100
0 39 256 256 101
0 39 256 256 102
0 40 256 256 103
0 40 256 256 104
0 41 256 256 105
0 41 256 256 106
0 41 256 256 107
0 42 256 256 108
0 42 256 256 109
0 42 256 256 110
0 43 256 256 111
0 43 256 256 112
0 44 256 256 113
0 44 256 256 114
0 44 256 256 115
0 45 256 256 116
0 45 256 256 117
0 46 256 256 118
0 46 256 256 119
0 46 256 256 120
0 47 256 256 121
0 47 256 256 122
0 48 256 256 123
0 48 256 256 124
0 48 256 256 125
0 49 256 256 126
0 49 256 256 127
0 50 256 256 128
0 50 256 256 129
0 50 256 256 130
0 51 256 256 131
0 51 256 256 132
0 51 256 256 133
0 52 256 256 134
0 52 256 256 135
0 53 256 256 136
0 53 256 256 137
0 53 256 256 138
0 54 256 256 139
0 54 256 256 140
0 55 256 256 141
0 55 256 256 142
0 55 256 256 143
0 56 256 256 144
0 56 256 256 145
0 57 256 256 146
0 57 256 256 147
0 57 256 256 148
0 58 256 256 149
0 58 256 256 150
0 58 256 256 151
0 59 256 256 152
0 59 256 256 153
0 60 256 256 154
0 60 256 256 155
0 60 256 256 156
0 61 256 256 157
0 61 256 256 158
0 62 256 256 159
0 62 256 256 160
0 62 256 256 161
0 63 256 256 162
0 63 256 256 163
0 64 256 256 164
0 64 256 256 165
0 64 256 256 166
0 65 256 256 167
0 65 256 256 168
0 66 256 256 169
0 66 256 256 170
0 66 256 256 171
0 67 256 256 172
0 67 256 256 173
0 67 256 256 174
0 68 256 256 175
0 68 256 256 176
0 69 256 256 177
0 69 256 256 178
0 69 256 256 179
0 70 256 256 180
0 70 256 256 181
0 71 256 256 182
0 71 256 256 183
0 71 256 256 184
0 72 256 256 185
0 72 256 256 186
0 73 256 256 187
0 73 256 256 188
0 73 256 256 189
0 74 256 256 190
0 74 256 256 191
0 75 256 256 192
0 75 256 256 193
0 75 256 256 194
0 76 256 256 195
0 76 256 256 196
0 76 256 256 197
0 77 256 256 198
0 77 256 256 199
0 78 256 256 200
0 78 256 256 201
0 78 256 256 202
0 79 256 256 203
0 79 256 256 204
0 80 256 256 205
0 80 256 256 206
0 80 256 256 207
0 81 256 256 208
0 81 256 256 209
0 82 256 256 210
0 82 256 256 211
0 82 256 256 212
0 83 256 256 213
0 83 256 256 214
0 83 256 256 215
0 84 256 256 216
0 84 256 256 217
0 85 256 256 218
0 85 256 256 219
0 85 256 256 220
0 86 256 256 221
0 86 256 256 222
0 87 256 256 223
0 87 256 256 224
0 87 256 256 225
0 88 256 256 226
0 88 256 256 227
0 89 256 256 228
0 89 256 256 229
0 89 256 256 230
0 90 256 256 231
0 90 256 256 232
0 91 256 256 233
0 91 256 256 234
0 91 256 256 235
0 92 256 256 236
0 92 256 256 237
0 92 256 256 238
0 93 256 256 239
0 93 256 256 240
0 94 256 256 241
0 94 256 256 242
0 94 256 256 243
0 95 256 256 244
0 95 256 256 245
0 96 256 256 246
0 96 256 256 247
0 96 256 256 248
0 97 256 256 249
0 97 256 256 250
0 98 256 256 251
0 98 256 256 252
0 98 256 256 253
0 99 256 256 254
0 99 256 256 255
